mode: set
imran/poker/server/server.go:67.46,71.2 3 1
imran/poker/server/server.go:73.51,76.16 2 1
imran/poker/server/server.go:80.2,80.56 1 1
imran/poker/server/server.go:84.2,84.61 1 1
imran/poker/server/server.go:87.2,87.55 1 1
imran/poker/server/server.go:91.2,92.12 2 1
imran/poker/server/server.go:76.16,78.3 1 0
imran/poker/server/server.go:80.56,82.3 1 0
imran/poker/server/server.go:84.61,86.3 1 0
imran/poker/server/server.go:87.55,89.3 1 0
imran/poker/server/server.go:95.86,96.23 1 1
imran/poker/server/server.go:100.2,102.16 2 1
imran/poker/server/server.go:106.2,106.25 1 1
imran/poker/server/server.go:110.2,111.56 2 1
imran/poker/server/server.go:115.2,118.16 2 1
imran/poker/server/server.go:121.2,121.20 1 1
imran/poker/server/server.go:96.23,98.3 1 1
imran/poker/server/server.go:102.16,104.3 1 0
imran/poker/server/server.go:106.25,108.3 1 1
imran/poker/server/server.go:111.56,113.3 1 0
imran/poker/server/server.go:118.16,120.3 1 0
imran/poker/server/server.go:125.95,127.36 2 1
imran/poker/server/server.go:134.2,134.17 1 1
imran/poker/server/server.go:127.36,129.17 2 1
imran/poker/server/server.go:132.3,132.44 1 1
imran/poker/server/server.go:129.17,131.4 1 1
imran/poker/server/server.go:138.84,146.83 2 1
imran/poker/server/server.go:150.2,155.8 1 1
imran/poker/server/server.go:146.83,149.3 1 0
imran/poker/server/server.go:158.92,163.41 3 1
imran/poker/server/server.go:172.2,175.27 3 1
imran/poker/server/server.go:184.2,184.17 1 1
imran/poker/server/server.go:163.41,170.3 2 1
imran/poker/server/server.go:175.27,183.3 1 1
imran/poker/server/server.go:187.90,188.19 1 1
imran/poker/server/server.go:191.2,196.113 3 1
imran/poker/server/server.go:188.19,190.3 1 0
imran/poker/server/server.go:196.113,198.3 1 1
imran/poker/server/server.go:198.8,198.56 1 1
imran/poker/server/server.go:198.56,201.3 1 0
imran/poker/server/server.go:201.8,208.3 1 1
imran/poker/server/server.go:211.98,217.41 3 1
imran/poker/server/server.go:223.2,227.27 3 1
imran/poker/server/server.go:235.2,235.17 1 1
imran/poker/server/server.go:217.41,222.3 2 1
imran/poker/server/server.go:227.27,234.3 1 1
imran/poker/server/server.go:239.78,246.110 2 1
imran/poker/server/server.go:253.2,255.16 2 1
imran/poker/server/server.go:259.2,260.16 2 1
imran/poker/server/server.go:264.2,274.18 2 1
imran/poker/server/server.go:246.110,248.3 1 0
imran/poker/server/server.go:248.8,248.56 1 1
imran/poker/server/server.go:248.56,250.3 1 1
imran/poker/server/server.go:255.16,257.3 1 0
imran/poker/server/server.go:260.16,262.3 1 0
imran/poker/server/server.go:277.84,282.113 2 1
imran/poker/server/server.go:287.2,290.8 1 1
imran/poker/server/server.go:282.113,284.3 1 0
imran/poker/server/server.go:284.8,284.56 1 1
imran/poker/server/server.go:284.56,286.3 1 1
imran/poker/server/server.go:293.96,298.112 2 1
imran/poker/server/server.go:304.2,305.25 2 1
imran/poker/server/server.go:311.2,311.17 1 1
imran/poker/server/server.go:298.112,300.3 1 0
imran/poker/server/server.go:300.8,300.56 1 1
imran/poker/server/server.go:300.56,302.3 1 0
imran/poker/server/server.go:305.25,309.3 1 1
imran/poker/server/server.go:317.87,322.16 2 1
imran/poker/server/server.go:327.2,328.16 2 1
imran/poker/server/server.go:332.2,333.55 2 1
imran/poker/server/server.go:339.2,340.16 2 1
imran/poker/server/server.go:345.2,346.54 2 1
imran/poker/server/server.go:353.2,353.45 1 1
imran/poker/server/server.go:360.2,361.16 2 1
imran/poker/server/server.go:364.2,364.21 1 1
imran/poker/server/server.go:322.16,324.3 1 0
imran/poker/server/server.go:328.16,330.3 1 0
imran/poker/server/server.go:333.55,335.3 1 1
imran/poker/server/server.go:340.16,342.3 1 0
imran/poker/server/server.go:346.54,348.50 1 1
imran/poker/server/server.go:348.50,350.4 1 1
imran/poker/server/server.go:353.45,355.57 2 1
imran/poker/server/server.go:355.57,357.4 1 0
imran/poker/server/server.go:361.16,363.3 1 0
imran/poker/server/server.go:368.87,369.40 1 1
imran/poker/server/server.go:373.2,380.42 2 1
imran/poker/server/server.go:384.2,385.16 2 1
imran/poker/server/server.go:388.2,388.20 1 1
imran/poker/server/server.go:369.40,371.3 1 0
imran/poker/server/server.go:380.42,382.3 1 0
imran/poker/server/server.go:385.16,387.3 1 0
imran/poker/server/server.go:392.87,395.28 2 1
imran/poker/server/server.go:408.2,409.16 2 1
imran/poker/server/server.go:413.2,413.17 1 1
imran/poker/server/server.go:395.28,396.12 1 1
imran/poker/server/server.go:400.3,403.17 4 1
imran/poker/server/server.go:396.12,398.4 1 0
imran/poker/server/server.go:403.17,405.4 1 0
imran/poker/server/server.go:409.16,411.3 1 0
imran/poker/server/server.go:416.80,417.23 1 1
imran/poker/server/server.go:421.2,422.16 2 1
imran/poker/server/server.go:425.2,425.19 1 1
imran/poker/server/server.go:429.2,434.56 2 1
imran/poker/server/server.go:438.2,439.16 2 1
imran/poker/server/server.go:442.2,442.18 1 1
imran/poker/server/server.go:417.23,419.3 1 1
imran/poker/server/server.go:422.16,424.3 1 0
imran/poker/server/server.go:425.19,427.3 1 1
imran/poker/server/server.go:434.56,436.3 1 0
imran/poker/server/server.go:439.16,441.3 1 0
imran/poker/server/server.go:446.88,447.23 1 1
imran/poker/server/server.go:451.2,452.16 2 1
imran/poker/server/server.go:455.2,455.17 1 1
imran/poker/server/server.go:459.2,465.98 2 1
imran/poker/server/server.go:469.2,471.16 2 1
imran/poker/server/server.go:474.2,474.17 1 1
imran/poker/server/server.go:447.23,449.3 1 0
imran/poker/server/server.go:452.16,454.3 1 0
imran/poker/server/server.go:455.17,457.3 1 0
imran/poker/server/server.go:465.98,467.3 1 0
imran/poker/server/server.go:471.16,473.3 1 0
imran/poker/server/server.go:478.80,479.23 1 1
imran/poker/server/server.go:483.2,484.16 2 1
imran/poker/server/server.go:487.2,487.17 1 1
imran/poker/server/server.go:491.2,492.16 2 1
imran/poker/server/server.go:496.2,497.16 2 1
imran/poker/server/server.go:501.2,509.98 3 1
imran/poker/server/server.go:513.2,515.16 2 1
imran/poker/server/server.go:518.2,518.17 1 1
imran/poker/server/server.go:479.23,481.3 1 0
imran/poker/server/server.go:484.16,486.3 1 0
imran/poker/server/server.go:487.17,489.3 1 0
imran/poker/server/server.go:492.16,494.3 1 0
imran/poker/server/server.go:497.16,499.3 1 0
imran/poker/server/server.go:509.98,511.3 1 0
imran/poker/server/server.go:515.16,517.3 1 0
imran/poker/server/server.go:527.85,529.16 2 0
imran/poker/server/server.go:532.2,532.17 1 0
imran/poker/server/server.go:536.2,536.82 1 0
imran/poker/server/server.go:541.2,549.53 4 0
imran/poker/server/server.go:564.2,564.43 1 0
imran/poker/server/server.go:568.2,568.29 1 0
imran/poker/server/server.go:578.2,578.24 1 0
imran/poker/server/server.go:582.2,582.20 1 0
imran/poker/server/server.go:586.2,586.15 1 0
imran/poker/server/server.go:529.16,531.3 1 0
imran/poker/server/server.go:532.17,534.3 1 0
imran/poker/server/server.go:536.82,538.3 1 0
imran/poker/server/server.go:549.53,551.51 1 0
imran/poker/server/server.go:555.3,555.43 1 0
imran/poker/server/server.go:558.3,561.48 3 0
imran/poker/server/server.go:551.51,553.4 1 0
imran/poker/server/server.go:555.43,557.4 1 0
imran/poker/server/server.go:564.43,566.3 1 0
imran/poker/server/server.go:568.29,569.16 1 0
imran/poker/server/server.go:569.16,571.19 2 0
imran/poker/server/server.go:571.19,574.5 1 0
imran/poker/server/server.go:578.24,580.3 1 0
imran/poker/server/server.go:582.20,584.3 1 0
imran/poker/server/server.go:589.12,591.16 2 0
imran/poker/server/server.go:594.2,596.16 3 0
imran/poker/server/server.go:599.2,600.37 2 0
imran/poker/server/server.go:591.16,593.3 1 0
imran/poker/server/server.go:596.16,598.3 1 0
imran/poker/server/server.go:600.37,602.3 1 0
